<?xml version="1.0" encoding="UTF-8"?>
<!-- Generated by org.testng.reporters.JUnitXMLReporter -->
<testsuite ignored="0" hostname="BWED-PSPEC" failures="0" tests="8" name="Default test" time="20.354" errors="0" timestamp="2024-05-16T15:17:37 MDT">
  <testcase classname="basicweb.SeleniumFeaturesTest" name="EnterSearchText" time="6.119"/>
  <testcase classname="basicweb.SeleniumFeaturesTest" name="FindAllInputs" time="0.173"/>
  <testcase classname="basicweb.SeleniumFeaturesTest" name="MouseHover" time="4.39"/>
  <testcase classname="basicweb.SeleniumFeaturesTest" name="ScrollBrowser" time="2.032"/>
  <testcase classname="basicweb.SeleniumFeaturesTest" name="SelectDropDown" time="2.443"/>
  <testcase classname="basicweb.SeleniumFeaturesTest" name="SizingTest" time="0.035"/>
  <testcase classname="basicweb.SeleniumFeaturesTest" name="VerifyTitle" time="0.02"/>
  <testcase classname="basicweb.SeleniumFeaturesTest" name="getCssProp" time="2.048"/>
</testsuite> <!-- Default test -->
